<?xml version="1.0" encoding="UTF-8"?>
<!-- Generated by org.testng.reporters.JUnitReportReporter -->
<testsuite skipped="0" hostname="Mahajans" name="Test.Assignment" tests="1" failures="0" timestamp="13 Jan 2021 09:51:04 GMT" time="11.292" errors="0">
  <testcase name="amountSort" time="11.292" classname="Test.Assignment"/>
</testsuite> <!-- Test.Assignment -->
